
*** Running vivado
    with args -log pll_clock.vds -m64 -product Vivado -mode batch -messageDb vivado.pb -notrace -source pll_clock.tcl


ECHO 处于关闭状态。
ECHO 处于关闭状态。

****** Vivado v2023.1 (64-bit)
  **** SW Build 3865809 on Sun May  7 15:05:29 MDT 2023
  **** IP Build 3864474 on Sun May  7 20:36:21 MDT 2023
  **** SharedData Build 3865790 on Sun May 07 13:33:03 MDT 2023
    ** Copyright 1986-2022 Xilinx, Inc. All Rights Reserved.
    ** Copyright 2022-2023 Advanced Micro Devices, Inc. All Rights Reserved.

Sourcing tcl script 'D:/Software/Vivado/Vivado/2023.1/scripts/Vivado_init.tcl'
source pll_clock.tcl -notrace
INFO: [IP_Flow 19-6924] IPCACHE: Running cache check for IP inst: pll_clock
Command: synth_design -top pll_clock -part xc7a35tfgg484-2 -incremental_mode off -mode out_of_context
Starting synth_design
Attempting to get a license for feature 'Synthesis' and/or device 'xc7a35t'
INFO: [Common 17-349] Got license for feature 'Synthesis' and/or device 'xc7a35t'
INFO: [Device 21-403] Loading part xc7a35tfgg484-2
INFO: [Synth 8-7079] Multithreading enabled for synth_design using a maximum of 4 processes.
INFO: [Synth 8-7078] Launching helper process for spawning children vivado processes
INFO: [Synth 8-7075] Helper process launched with PID 2144
---------------------------------------------------------------------------------
Starting RTL Elaboration : Time (s): cpu = 00:00:03 ; elapsed = 00:00:03 . Memory (MB): peak = 1281.082 ; gain = 410.059
---------------------------------------------------------------------------------
INFO: [Synth 8-6157] synthesizing module 'pll_clock' [d:/study/my_diy/STM32_Communicate_FPGA_CLI_Via_UART/FPGA/FPGA_Top/FPGA_Top.gen/sources_1/ip/pll_clock/pll_clock.v:68]
INFO: [Synth 8-6157] synthesizing module 'pll_clock_clk_wiz' [d:/study/my_diy/STM32_Communicate_FPGA_CLI_Via_UART/FPGA/FPGA_Top/FPGA_Top.gen/sources_1/ip/pll_clock/pll_clock_clk_wiz.v:68]
INFO: [Synth 8-6157] synthesizing module 'IBUF' [D:/Software/Vivado/Vivado/2023.1/scripts/rt/data/unisim_comp.v:71768]
INFO: [Synth 8-6155] done synthesizing module 'IBUF' (0#1) [D:/Software/Vivado/Vivado/2023.1/scripts/rt/data/unisim_comp.v:71768]
INFO: [Synth 8-6157] synthesizing module 'PLLE2_ADV' [D:/Software/Vivado/Vivado/2023.1/scripts/rt/data/unisim_comp.v:109413]
	Parameter BANDWIDTH bound to: OPTIMIZED - type: string 
	Parameter CLKFBOUT_MULT bound to: 18 - type: integer 
	Parameter CLKFBOUT_PHASE bound to: 0.000000 - type: double 
	Parameter CLKIN1_PERIOD bound to: 20.000000 - type: double 
	Parameter CLKOUT0_DIVIDE bound to: 9 - type: integer 
	Parameter CLKOUT0_DUTY_CYCLE bound to: 0.500000 - type: double 
	Parameter CLKOUT0_PHASE bound to: 0.000000 - type: double 
	Parameter COMPENSATION bound to: ZHOLD - type: string 
	Parameter DIVCLK_DIVIDE bound to: 1 - type: integer 
	Parameter STARTUP_WAIT bound to: FALSE - type: string 
INFO: [Synth 8-6155] done synthesizing module 'PLLE2_ADV' (0#1) [D:/Software/Vivado/Vivado/2023.1/scripts/rt/data/unisim_comp.v:109413]
INFO: [Synth 8-6157] synthesizing module 'BUFG' [D:/Software/Vivado/Vivado/2023.1/scripts/rt/data/unisim_comp.v:1519]
INFO: [Synth 8-6155] done synthesizing module 'BUFG' (0#1) [D:/Software/Vivado/Vivado/2023.1/scripts/rt/data/unisim_comp.v:1519]
INFO: [Synth 8-6155] done synthesizing module 'pll_clock_clk_wiz' (0#1) [d:/study/my_diy/STM32_Communicate_FPGA_CLI_Via_UART/FPGA/FPGA_Top/FPGA_Top.gen/sources_1/ip/pll_clock/pll_clock_clk_wiz.v:68]
INFO: [Synth 8-6155] done synthesizing module 'pll_clock' (0#1) [d:/study/my_diy/STM32_Communicate_FPGA_CLI_Via_UART/FPGA/FPGA_Top/FPGA_Top.gen/sources_1/ip/pll_clock/pll_clock.v:68]
---------------------------------------------------------------------------------
Finished RTL Elaboration : Time (s): cpu = 00:00:04 ; elapsed = 00:00:04 . Memory (MB): peak = 1371.398 ; gain = 500.375
---------------------------------------------------------------------------------
---------------------------------------------------------------------------------
Start Handling Custom Attributes
---------------------------------------------------------------------------------
---------------------------------------------------------------------------------
Finished Handling Custom Attributes : Time (s): cpu = 00:00:04 ; elapsed = 00:00:04 . Memory (MB): peak = 1371.398 ; gain = 500.375
---------------------------------------------------------------------------------
---------------------------------------------------------------------------------
Finished RTL Optimization Phase 1 : Time (s): cpu = 00:00:04 ; elapsed = 00:00:04 . Memory (MB): peak = 1371.398 ; gain = 500.375
---------------------------------------------------------------------------------
Netlist sorting complete. Time (s): cpu = 00:00:00 ; elapsed = 00:00:00.001 . Memory (MB): peak = 1375.117 ; gain = 0.000
INFO: [Netlist 29-17] Analyzing 1 Unisim elements for replacement
INFO: [Netlist 29-28] Unisim Transformation completed in 0 CPU seconds
INFO: [Project 1-570] Preparing netlist for logic optimization

Processing XDC Constraints
Initializing timing engine
Parsing XDC File [d:/study/my_diy/STM32_Communicate_FPGA_CLI_Via_UART/FPGA/FPGA_Top/FPGA_Top.gen/sources_1/ip/pll_clock/pll_clock_ooc.xdc] for cell 'inst'
Finished Parsing XDC File [d:/study/my_diy/STM32_Communicate_FPGA_CLI_Via_UART/FPGA/FPGA_Top/FPGA_Top.gen/sources_1/ip/pll_clock/pll_clock_ooc.xdc] for cell 'inst'
Parsing XDC File [d:/study/my_diy/STM32_Communicate_FPGA_CLI_Via_UART/FPGA/FPGA_Top/FPGA_Top.gen/sources_1/ip/pll_clock/pll_clock_board.xdc] for cell 'inst'
Finished Parsing XDC File [d:/study/my_diy/STM32_Communicate_FPGA_CLI_Via_UART/FPGA/FPGA_Top/FPGA_Top.gen/sources_1/ip/pll_clock/pll_clock_board.xdc] for cell 'inst'
Parsing XDC File [d:/study/my_diy/STM32_Communicate_FPGA_CLI_Via_UART/FPGA/FPGA_Top/FPGA_Top.gen/sources_1/ip/pll_clock/pll_clock.xdc] for cell 'inst'
Finished Parsing XDC File [d:/study/my_diy/STM32_Communicate_FPGA_CLI_Via_UART/FPGA/FPGA_Top/FPGA_Top.gen/sources_1/ip/pll_clock/pll_clock.xdc] for cell 'inst'
INFO: [Project 1-236] Implementation specific constraints were found while reading constraint file [d:/study/my_diy/STM32_Communicate_FPGA_CLI_Via_UART/FPGA/FPGA_Top/FPGA_Top.gen/sources_1/ip/pll_clock/pll_clock.xdc]. These constraints will be ignored for synthesis but will be used in implementation. Impacted constraints are listed in the file [.Xil/pll_clock_propImpl.xdc].
Resolution: To avoid this warning, move constraints listed in [.Xil/pll_clock_propImpl.xdc] to another XDC file and exclude this new file from synthesis with the used_in_synthesis property (File Properties dialog in GUI) and re-run elaboration/synthesis.
INFO: [Timing 38-2] Deriving generated clocks
Parsing XDC File [D:/study/my_diy/STM32_Communicate_FPGA_CLI_Via_UART/FPGA/FPGA_Top/FPGA_Top.runs/pll_clock_synth_1/dont_touch.xdc]
Finished Parsing XDC File [D:/study/my_diy/STM32_Communicate_FPGA_CLI_Via_UART/FPGA/FPGA_Top/FPGA_Top.runs/pll_clock_synth_1/dont_touch.xdc]
Completed Processing XDC Constraints

Netlist sorting complete. Time (s): cpu = 00:00:00 ; elapsed = 00:00:00 . Memory (MB): peak = 1402.070 ; gain = 0.000
INFO: [Project 1-111] Unisim Transformation Summary:
No Unisim elements were transformed.

Constraint Validation Runtime : Time (s): cpu = 00:00:00 ; elapsed = 00:00:00.011 . Memory (MB): peak = 1402.125 ; gain = 0.055
INFO: [Designutils 20-5008] Incremental synthesis strategy off
---------------------------------------------------------------------------------
Finished Constraint Validation : Time (s): cpu = 00:00:08 ; elapsed = 00:00:08 . Memory (MB): peak = 1402.125 ; gain = 531.102
---------------------------------------------------------------------------------
---------------------------------------------------------------------------------
Start Loading Part and Timing Information
---------------------------------------------------------------------------------
Loading part: xc7a35tfgg484-2
---------------------------------------------------------------------------------
Finished Loading Part and Timing Information : Time (s): cpu = 00:00:08 ; elapsed = 00:00:08 . Memory (MB): peak = 1402.125 ; gain = 531.102
---------------------------------------------------------------------------------
---------------------------------------------------------------------------------
Start Applying 'set_property' XDC Constraints
---------------------------------------------------------------------------------
Applied set_property KEEP_HIERARCHY = SOFT for inst. (constraint file  D:/study/my_diy/STM32_Communicate_FPGA_CLI_Via_UART/FPGA/FPGA_Top/FPGA_Top.runs/pll_clock_synth_1/dont_touch.xdc, line 9).
---------------------------------------------------------------------------------
Finished applying 'set_property' XDC Constraints : Time (s): cpu = 00:00:08 ; elapsed = 00:00:09 . Memory (MB): peak = 1402.125 ; gain = 531.102
---------------------------------------------------------------------------------
---------------------------------------------------------------------------------
Finished RTL Optimization Phase 2 : Time (s): cpu = 00:00:08 ; elapsed = 00:00:09 . Memory (MB): peak = 1402.125 ; gain = 531.102
---------------------------------------------------------------------------------
---------------------------------------------------------------------------------
Start RTL Component Statistics 
---------------------------------------------------------------------------------
Detailed RTL Component Info : 
---------------------------------------------------------------------------------
Finished RTL Component Statistics 
---------------------------------------------------------------------------------
---------------------------------------------------------------------------------
Start Part Resource Summary
---------------------------------------------------------------------------------
Part Resources:
DSPs: 90 (col length:60)
BRAMs: 100 (col length: RAMB18 60 RAMB36 30)
---------------------------------------------------------------------------------
Finished Part Resource Summary
---------------------------------------------------------------------------------
---------------------------------------------------------------------------------
Start Cross Boundary and Area Optimization
---------------------------------------------------------------------------------
WARNING: [Synth 8-7080] Parallel synthesis criteria is not met
---------------------------------------------------------------------------------
Finished Cross Boundary and Area Optimization : Time (s): cpu = 00:00:09 ; elapsed = 00:00:10 . Memory (MB): peak = 1402.125 ; gain = 531.102
---------------------------------------------------------------------------------
---------------------------------------------------------------------------------
Start Applying XDC Timing Constraints
---------------------------------------------------------------------------------
---------------------------------------------------------------------------------
Finished Applying XDC Timing Constraints : Time (s): cpu = 00:00:13 ; elapsed = 00:00:13 . Memory (MB): peak = 1402.125 ; gain = 531.102
---------------------------------------------------------------------------------
---------------------------------------------------------------------------------
Start Timing Optimization
---------------------------------------------------------------------------------
---------------------------------------------------------------------------------
Finished Timing Optimization : Time (s): cpu = 00:00:13 ; elapsed = 00:00:13 . Memory (MB): peak = 1402.125 ; gain = 531.102
---------------------------------------------------------------------------------
---------------------------------------------------------------------------------
Start Technology Mapping
---------------------------------------------------------------------------------
---------------------------------------------------------------------------------
Finished Technology Mapping : Time (s): cpu = 00:00:13 ; elapsed = 00:00:13 . Memory (MB): peak = 1402.125 ; gain = 531.102
---------------------------------------------------------------------------------
---------------------------------------------------------------------------------
Start IO Insertion
---------------------------------------------------------------------------------
---------------------------------------------------------------------------------
Start Flattening Before IO Insertion
---------------------------------------------------------------------------------
---------------------------------------------------------------------------------
Finished Flattening Before IO Insertion
---------------------------------------------------------------------------------
---------------------------------------------------------------------------------
Start Final Netlist Cleanup
---------------------------------------------------------------------------------
---------------------------------------------------------------------------------
Finished Final Netlist Cleanup
---------------------------------------------------------------------------------
---------------------------------------------------------------------------------
Finished IO Insertion : Time (s): cpu = 00:00:15 ; elapsed = 00:00:15 . Memory (MB): peak = 1402.125 ; gain = 531.102
---------------------------------------------------------------------------------
---------------------------------------------------------------------------------
Start Renaming Generated Instances
---------------------------------------------------------------------------------
---------------------------------------------------------------------------------
Finished Renaming Generated Instances : Time (s): cpu = 00:00:15 ; elapsed = 00:00:15 . Memory (MB): peak = 1402.125 ; gain = 531.102
---------------------------------------------------------------------------------
---------------------------------------------------------------------------------
Start Rebuilding User Hierarchy
---------------------------------------------------------------------------------
---------------------------------------------------------------------------------
Finished Rebuilding User Hierarchy : Time (s): cpu = 00:00:15 ; elapsed = 00:00:15 . Memory (MB): peak = 1402.125 ; gain = 531.102
---------------------------------------------------------------------------------
---------------------------------------------------------------------------------
Start Renaming Generated Ports
---------------------------------------------------------------------------------
---------------------------------------------------------------------------------
Finished Renaming Generated Ports : Time (s): cpu = 00:00:15 ; elapsed = 00:00:15 . Memory (MB): peak = 1402.125 ; gain = 531.102
---------------------------------------------------------------------------------
---------------------------------------------------------------------------------
Start Handling Custom Attributes
---------------------------------------------------------------------------------
---------------------------------------------------------------------------------
Finished Handling Custom Attributes : Time (s): cpu = 00:00:15 ; elapsed = 00:00:15 . Memory (MB): peak = 1402.125 ; gain = 531.102
---------------------------------------------------------------------------------
---------------------------------------------------------------------------------
Start Renaming Generated Nets
---------------------------------------------------------------------------------
---------------------------------------------------------------------------------
Finished Renaming Generated Nets : Time (s): cpu = 00:00:15 ; elapsed = 00:00:15 . Memory (MB): peak = 1402.125 ; gain = 531.102
---------------------------------------------------------------------------------
---------------------------------------------------------------------------------
Start Writing Synthesis Report
---------------------------------------------------------------------------------

Report BlackBoxes: 
+-+--------------+----------+
| |BlackBox name |Instances |
+-+--------------+----------+
+-+--------------+----------+

Report Cell Usage: 
+------+----------+------+
|      |Cell      |Count |
+------+----------+------+
|1     |BUFG      |     2|
|2     |LUT1      |     1|
|3     |PLLE2_ADV |     1|
|4     |IBUF      |     1|
+------+----------+------+
---------------------------------------------------------------------------------
Finished Writing Synthesis Report : Time (s): cpu = 00:00:15 ; elapsed = 00:00:15 . Memory (MB): peak = 1402.125 ; gain = 531.102
---------------------------------------------------------------------------------
Synthesis finished with 0 errors, 0 critical warnings and 1 warnings.
Synthesis Optimization Runtime : Time (s): cpu = 00:00:10 ; elapsed = 00:00:14 . Memory (MB): peak = 1402.125 ; gain = 500.375
Synthesis Optimization Complete : Time (s): cpu = 00:00:15 ; elapsed = 00:00:15 . Memory (MB): peak = 1402.125 ; gain = 531.102
INFO: [Project 1-571] Translating synthesized netlist
Netlist sorting complete. Time (s): cpu = 00:00:00 ; elapsed = 00:00:00 . Memory (MB): peak = 1402.125 ; gain = 0.000
INFO: [Netlist 29-17] Analyzing 1 Unisim elements for replacement
INFO: [Netlist 29-28] Unisim Transformation completed in 0 CPU seconds
INFO: [Project 1-570] Preparing netlist for logic optimization
INFO: [Opt 31-138] Pushed 0 inverter(s) to 0 load pin(s).
Netlist sorting complete. Time (s): cpu = 00:00:00 ; elapsed = 00:00:00 . Memory (MB): peak = 1405.020 ; gain = 0.000
INFO: [Project 1-111] Unisim Transformation Summary:
No Unisim elements were transformed.

Synth Design complete | Checksum: 56922718
INFO: [Common 17-83] Releasing license: Synthesis
30 Infos, 1 Warnings, 0 Critical Warnings and 0 Errors encountered.
synth_design completed successfully
synth_design: Time (s): cpu = 00:00:18 ; elapsed = 00:00:18 . Memory (MB): peak = 1405.020 ; gain = 914.855
INFO: [Common 17-600] The following parameters have non-default value.
general.maxThreads
INFO: [Common 17-1381] The checkpoint 'D:/study/my_diy/STM32_Communicate_FPGA_CLI_Via_UART/FPGA/FPGA_Top/FPGA_Top.runs/pll_clock_synth_1/pll_clock.dcp' has been generated.
INFO: [Coretcl 2-1648] Added synthesis output to IP cache for IP pll_clock, cache-ID = de160e9a29b4e764
INFO: [Common 17-1381] The checkpoint 'D:/study/my_diy/STM32_Communicate_FPGA_CLI_Via_UART/FPGA/FPGA_Top/FPGA_Top.runs/pll_clock_synth_1/pll_clock.dcp' has been generated.
INFO: [runtcl-4] Executing : report_utilization -file pll_clock_utilization_synth.rpt -pb pll_clock_utilization_synth.pb
INFO: [Common 17-206] Exiting Vivado at Sun Oct  1 23:42:05 2023...
